# JRE version: OpenJDK Runtime Environment Temurin-17.0.9+9 (17.0.9+9) (build 17.0.9+9)
# Java VM: OpenJDK 64-Bit Server VM Temurin-17.0.9+9 (17.0.9+9, mixed mode, sharing, tiered, compressed oops, compressed class ptrs, g1 gc, windows-amd64)
GC Precious Log:
 CPUs: 4 total, 4 available
 Memory: 8056M
 Large Page Support: Disabled
 NUMA Support: Disabled
 Compressed Oops: Enabled (32-bit)
 Heap Region Size: 1M
 Heap Min Capacity: 256M
 Heap Initial Capacity: 256M
 Heap Max Capacity: 512M
 Pre-touch: Disabled
 Parallel Workers: 4
 Concurrent Workers: 1
 Concurrent Refinement Workers: 4
 Periodic GC: Disabled
Heap:
 garbage-first heap   total 262144K, used 72259K [0x00000000e0000000, 0x0000000100000000)
  region size 1024K, 34 young (34816K), 5 survivors (5120K)
 Metaspace       used 62348K, committed 62976K, reserved 393216K
  class space    used 8795K, committed 9088K, reserved 327680K
GC Heap History (18 events):
Event: 1.001 GC heap before
{Heap before GC invocations=0 (full 0):
 garbage-first heap   total 262144K, used 12288K [0x00000000e0000000, 0x0000000100000000)
  region size 1024K, 13 young (13312K), 0 survivors (0K)
 Metaspace       used 1048K, committed 1152K, reserved 393216K
  class space    used 83K, committed 128K, reserved 327680K
}
Event: 1.007 GC heap after
{Heap after GC invocations=1 (full 0):
 garbage-first heap   total 262144K, used 3472K [0x00000000e0000000, 0x0000000100000000)
  region size 1024K, 2 young (2048K), 2 survivors (2048K)
 Metaspace       used 1048K, committed 1152K, reserved 393216K
  class space    used 83K, committed 128K, reserved 327680K
}
Event: 1.920 GC heap before
{Heap before GC invocations=1 (full 0):
 garbage-first heap   total 262144K, used 21904K [0x00000000e0000000, 0x0000000100000000)
  region size 1024K, 17 young (17408K), 2 survivors (2048K)
 Metaspace       used 3895K, committed 4096K, reserved 393216K
  class space    used 490K, committed 576K, reserved 327680K
}
Event: 1.926 GC heap after
{Heap after GC invocations=2 (full 0):
 garbage-first heap   total 262144K, used 10632K [0x00000000e0000000, 0x0000000100000000)
  region size 1024K, 3 young (3072K), 3 survivors (3072K)
 Metaspace       used 3895K, committed 4096K, reserved 393216K
  class space    used 490K, committed 576K, reserved 327680K
}
Event: 2.626 GC heap before
{Heap before GC invocations=2 (full 0):
 garbage-first heap   total 262144K, used 31112K [0x00000000e0000000, 0x0000000100000000)
  region size 1024K, 24 young (24576K), 3 survivors (3072K)
 Metaspace       used 4012K, committed 4160K, reserved 393216K
  class space    used 490K, committed 576K, reserved 327680K
}
Event: 2.632 GC heap after
{Heap after GC invocations=3 (full 0):
 garbage-first heap   total 262144K, used 11871K [0x00000000e0000000, 0x0000000100000000)
  region size 1024K, 2 young (2048K), 2 survivors (2048K)
 Metaspace       used 4012K, committed 4160K, reserved 393216K
  class space    used 490K, committed 576K, reserved 327680K
}
Event: 7.231 GC heap before
{Heap before GC invocations=3 (full 0):
 garbage-first heap   total 262144K, used 128607K [0x00000000e0000000, 0x0000000100000000)
  region size 1024K, 116 young (118784K), 2 survivors (2048K)
 Metaspace       used 21206K, committed 21504K, reserved 393216K
  class space    used 3159K, committed 3328K, reserved 327680K
}
Event: 7.249 GC heap after
{Heap after GC invocations=4 (full 0):
 garbage-first heap   total 262144K, used 22299K [0x00000000e0000000, 0x0000000100000000)
  region size 1024K, 12 young (12288K), 12 survivors (12288K)
 Metaspace       used 21206K, committed 21504K, reserved 393216K
  class space    used 3159K, committed 3328K, reserved 327680K
}
Event: 10.376 GC heap before
{Heap before GC invocations=5 (full 0):
 garbage-first heap   total 262144K, used 144155K [0x00000000e0000000, 0x0000000100000000)
  region size 1024K, 125 young (128000K), 12 survivors (12288K)
 Metaspace       used 35367K, committed 35840K, reserved 393216K
  class space    used 4864K, committed 5056K, reserved 327680K
}
Event: 10.405 GC heap after
{Heap after GC invocations=6 (full 0):
 garbage-first heap   total 262144K, used 31736K [0x00000000e0000000, 0x0000000100000000)
  region size 1024K, 10 young (10240K), 10 survivors (10240K)
 Metaspace       used 35367K, committed 35840K, reserved 393216K
  class space    used 4864K, committed 5056K, reserved 327680K
}
Event: 10.452 GC heap before
{Heap before GC invocations=6 (full 0):
 garbage-first heap   total 262144K, used 33784K [0x00000000e0000000, 0x0000000100000000)
  region size 1024K, 13 young (13312K), 10 survivors (10240K)
 Metaspace       used 35700K, committed 36096K, reserved 393216K
  class space    used 4910K, committed 5120K, reserved 327680K
}
Event: 10.466 GC heap after
{Heap after GC invocations=7 (full 0):
 garbage-first heap   total 262144K, used 31965K [0x00000000e0000000, 0x0000000100000000)
  region size 1024K, 2 young (2048K), 2 survivors (2048K)
 Metaspace       used 35700K, committed 36096K, reserved 393216K
  class space    used 4910K, committed 5120K, reserved 327680K
}
Event: 14.511 GC heap before
{Heap before GC invocations=8 (full 0):
 garbage-first heap   total 262144K, used 177373K [0x00000000e0000000, 0x0000000100000000)
  region size 1024K, 144 young (147456K), 2 survivors (2048K)
 Metaspace       used 50559K, committed 51136K, reserved 393216K
  class space    used 7121K, committed 7424K, reserved 327680K
}
Event: 14.531 GC heap after
{Heap after GC invocations=9 (full 0):
 garbage-first heap   total 262144K, used 39885K [0x00000000e0000000, 0x0000000100000000)
  region size 1024K, 10 young (10240K), 10 survivors (10240K)
 Metaspace       used 50559K, committed 51136K, reserved 393216K
  class space    used 7121K, committed 7424K, reserved 327680K
}
Event: 14.696 GC heap before
{Heap before GC invocations=9 (full 0):
 garbage-first heap   total 262144K, used 41933K [0x00000000e0000000, 0x0000000100000000)
  region size 1024K, 12 young (12288K), 10 survivors (10240K)
 Metaspace       used 50768K, committed 51264K, reserved 393216K
  class space    used 7158K, committed 7424K, reserved 327680K
}
Event: 14.717 GC heap after
{Heap after GC invocations=10 (full 0):
 garbage-first heap   total 262144K, used 41115K [0x00000000e0000000, 0x0000000100000000)
  region size 1024K, 2 young (2048K), 2 survivors (2048K)
 Metaspace       used 50768K, committed 51264K, reserved 393216K
  class space    used 7158K, committed 7424K, reserved 327680K
}
Event: 16.768 GC heap before
{Heap before GC invocations=10 (full 0):
 garbage-first heap   total 262144K, used 85147K [0x00000000e0000000, 0x0000000100000000)
  region size 1024K, 46 young (47104K), 2 survivors (2048K)
 Metaspace       used 60210K, committed 60736K, reserved 393216K
  class space    used 8488K, committed 8704K, reserved 327680K
}
Event: 16.785 GC heap after
{Heap after GC invocations=11 (full 0):
 garbage-first heap   total 262144K, used 44611K [0x00000000e0000000, 0x0000000100000000)
  region size 1024K, 5 young (5120K), 5 survivors (5120K)
 Metaspace       used 60210K, committed 60736K, reserved 393216K
  class space    used 8488K, committed 8704K, reserved 327680K
}

